ERROR - 2024-01-30 13:15:32 --> Error connecting to the database: mysqli_sql_exception: Unknown database 'db_laminsu' in D:\appdevfinal-main\backend\backend\system\Database\MySQLi\Connection.php:185
Stack trace:
#0 D:\appdevfinal-main\backend\backend\system\Database\MySQLi\Connection.php(185): mysqli->real_connect('localhost', 'root', '', 'db_laminsu', 3306, '', 0)
#1 D:\appdevfinal-main\backend\backend\system\Database\BaseConnection.php(392): CodeIgniter\Database\MySQLi\Connection->connect(false)
#2 D:\appdevfinal-main\backend\backend\system\Database\BaseConnection.php(575): CodeIgniter\Database\BaseConnection->initialize()
#3 D:\appdevfinal-main\backend\backend\system\Database\BaseBuilder.php(1615): CodeIgniter\Database\BaseConnection->query('SELECT *\nFROM `...', Array, false)
#4 D:\appdevfinal-main\backend\backend\system\Model.php(264): CodeIgniter\Database\BaseBuilder->get()
#5 D:\appdevfinal-main\backend\backend\system\BaseModel.php(662): CodeIgniter\Model->doFirst()
#6 D:\appdevfinal-main\backend\backend\app\Controllers\MainController.php(280): CodeIgniter\BaseModel->first()
#7 D:\appdevfinal-main\backend\backend\system\CodeIgniter.php(942): App\Controllers\MainController->login()
#8 D:\appdevfinal-main\backend\backend\system\CodeIgniter.php(502): CodeIgniter\CodeIgniter->runController(Object(App\Controllers\MainController))
#9 D:\appdevfinal-main\backend\backend\system\CodeIgniter.php(361): CodeIgniter\CodeIgniter->handleRequest(NULL, Object(Config\Cache), false)
#10 D:\appdevfinal-main\backend\backend\public\index.php(88): CodeIgniter\CodeIgniter->run()
#11 D:\appdevfinal-main\backend\backend\system\Commands\Server\rewrite.php(47): require_once('D:\\appdevfinal-...')
#12 {main}

Next CodeIgniter\Database\Exceptions\DatabaseException: Unknown database 'db_laminsu' in D:\appdevfinal-main\backend\backend\system\Database\MySQLi\Connection.php:229
Stack trace:
#0 D:\appdevfinal-main\backend\backend\system\Database\BaseConnection.php(392): CodeIgniter\Database\MySQLi\Connection->connect(false)
#1 D:\appdevfinal-main\backend\backend\system\Database\BaseConnection.php(575): CodeIgniter\Database\BaseConnection->initialize()
#2 D:\appdevfinal-main\backend\backend\system\Database\BaseBuilder.php(1615): CodeIgniter\Database\BaseConnection->query('SELECT *\nFROM `...', Array, false)
#3 D:\appdevfinal-main\backend\backend\system\Model.php(264): CodeIgniter\Database\BaseBuilder->get()
#4 D:\appdevfinal-main\backend\backend\system\BaseModel.php(662): CodeIgniter\Model->doFirst()
#5 D:\appdevfinal-main\backend\backend\app\Controllers\MainController.php(280): CodeIgniter\BaseModel->first()
#6 D:\appdevfinal-main\backend\backend\system\CodeIgniter.php(942): App\Controllers\MainController->login()
#7 D:\appdevfinal-main\backend\backend\system\CodeIgniter.php(502): CodeIgniter\CodeIgniter->runController(Object(App\Controllers\MainController))
#8 D:\appdevfinal-main\backend\backend\system\CodeIgniter.php(361): CodeIgniter\CodeIgniter->handleRequest(NULL, Object(Config\Cache), false)
#9 D:\appdevfinal-main\backend\backend\public\index.php(88): CodeIgniter\CodeIgniter->run()
#10 D:\appdevfinal-main\backend\backend\system\Commands\Server\rewrite.php(47): require_once('D:\\appdevfinal-...')
#11 {main}
CRITICAL - 2024-01-30 13:15:32 --> Unable to connect to the database.
Main connection [MySQLi]: Unknown database 'db_laminsu'
in SYSTEMPATH\Database\BaseConnection.php on line 428.
 1 SYSTEMPATH\Database\BaseConnection.php(575): CodeIgniter\Database\BaseConnection->initialize()
 2 SYSTEMPATH\Database\BaseBuilder.php(1615): CodeIgniter\Database\BaseConnection->query('SELECT *
FROM `users`
WHERE `email` = :email:
 LIMIT 1', [...], false)
 3 SYSTEMPATH\Model.php(264): CodeIgniter\Database\BaseBuilder->get()
 4 SYSTEMPATH\BaseModel.php(662): CodeIgniter\Model->doFirst()
 5 APPPATH\Controllers\MainController.php(280): CodeIgniter\BaseModel->first()
 6 SYSTEMPATH\CodeIgniter.php(942): App\Controllers\MainController->login()
 7 SYSTEMPATH\CodeIgniter.php(502): CodeIgniter\CodeIgniter->runController(Object(App\Controllers\MainController))
 8 SYSTEMPATH\CodeIgniter.php(361): CodeIgniter\CodeIgniter->handleRequest(null, Object(Config\Cache), false)
 9 FCPATH\index.php(88): CodeIgniter\CodeIgniter->run()
10 SYSTEMPATH\Commands\Server\rewrite.php(47): require_once('D:\\appdevfinal-main\\backend\\backend\\public\\index.php')
